<?xml version="1.0" encoding="UTF-8"?>
<testng-results skipped="0" failed="0" total="1" passed="1">
  <reporter-output>
  </reporter-output>
  <suite name="Suite" duration-ms="19255" started-at="2019-11-22T03:12:37Z" finished-at="2019-11-22T03:12:57Z">
    <groups>
    </groups>
    <test name="Test" duration-ms="19255" started-at="2019-11-22T03:12:37Z" finished-at="2019-11-22T03:12:57Z">
      <class name="com.qa.tests.HRM_Login">
        <test-method status="PASS" signature="login()[pri:0, instance:com.qa.tests.HRM_Login@6fffcba5]" name="login" duration-ms="19233" started-at="2019-11-22T08:42:37Z" finished-at="2019-11-22T08:42:57Z">
          <reporter-output>
          </reporter-output>
        </test-method> <!-- login -->
      </class> <!-- com.qa.tests.HRM_Login -->
    </test> <!-- Test -->
  </suite> <!-- Suite -->
</testng-results>
